<conversion>
  <applied-converters>
    <converter id="kotlin-non-jvm-source-roots" />
    <converter id="junit-to-android-junit-configurations" />
    <converter id="android-sdk-library" />
    <converter id="android-module-to-java-module" />
    <converter id="android-proguard-options" />
  </applied-converters>
  <project-files>
    <file path="/media/bernardo/Windows/Wiximo/Test/test-appointment/.idea/vcs.xml" timestamp="1599101695954" />
    <file path="/media/bernardo/Windows/Wiximo/Test/test-appointment/.idea/libraries/Maven__org_yaml_snakeyaml_1_23.xml" timestamp="1599101697470" />
    <file path="/media/bernardo/Windows/Wiximo/Test/test-appointment/.idea/libraries/Maven__com_fasterxml_jackson_datatype_jackson_datatype_jsr310_2_9_8.xml" timestamp="1599101696046" />
    <file path="/media/bernardo/Windows/Wiximo/Test/test-appointment/.idea/libraries/Maven__org_apache_logging_log4j_log4j_api_2_11_2.xml" timestamp="1599101696514" />
    <file path="/media/bernardo/Windows/Wiximo/Test/test-appointment/.idea/libraries/Maven__com_infradna_tool_bridge_method_annotation_1_13.xml" timestamp="1611017554920" />
    <file path="/media/bernardo/Windows/Wiximo/Test/test-appointment/.idea/libraries/Maven__org_springframework_amqp_spring_rabbit_2_1_6_RELEASE.xml" timestamp="1599101696942" />
    <file path="/media/bernardo/Windows/Wiximo/Test/test-appointment/.idea/misc.xml" timestamp="1616523171640" />
    <file path="/media/bernardo/Windows/Wiximo/Test/test-appointment/.idea/libraries/Maven__org_jboss_jandex_2_0_5_Final.xml" timestamp="1599101696730" />
    <file path="/media/bernardo/Windows/Wiximo/Test/test-appointment/.idea/libraries/Maven__javax_servlet_javax_servlet_api_4_0_1.xml" timestamp="1599101696390" />
    <file path="/media/bernardo/Windows/Wiximo/Test/test-appointment/.idea/libraries/Maven__org_springframework_spring_jdbc_5_1_7_RELEASE.xml" timestamp="1599101697378" />
    <file path="/media/bernardo/Windows/Wiximo/Test/test-appointment/.idea/libraries/Maven__com_google_auto_value_auto_value_annotations_1_7_4.xml" timestamp="1616121851684" />
    <file path="/media/bernardo/Windows/Wiximo/Test/test-appointment/.idea/libraries/Maven__org_skyscreamer_jsonassert_1_5_0.xml" timestamp="1599101696894" />
    <file path="/media/bernardo/Windows/Wiximo/Test/test-appointment/.idea/libraries/Maven__org_springframework_spring_aop_5_1_7_RELEASE.xml" timestamp="1599101697294" />
    <file path="/media/bernardo/Windows/Wiximo/Test/test-appointment/.idea/libraries/Maven__org_mortbay_jetty_servlet_api_2_5_20081211.xml" timestamp="1599101696806" />
    <file path="/media/bernardo/Windows/Wiximo/Test/test-appointment/.idea/libraries/Maven__javax_validation_validation_api_2_0_1_Final.xml" timestamp="1599101696410" />
    <file path="/media/bernardo/Windows/Wiximo/Test/test-appointment/.idea/libraries/Maven__javax_activation_javax_activation_api_1_2_0.xml" timestamp="1599101696362" />
    <file path="/media/bernardo/Windows/Wiximo/Test/test-appointment/.idea/libraries/Maven__com_fasterxml_jackson_core_jackson_databind_2_9_8.xml" timestamp="1599101696030" />
    <file path="/media/bernardo/Windows/Wiximo/Test/test-appointment/.idea/libraries/Maven__com_querydsl_querydsl_core_4_2_2.xml" timestamp="1611017554956" />
    <file path="/media/bernardo/Windows/Wiximo/Test/test-appointment/.idea/workspace.xml" timestamp="1616523472789" />
    <file path="/media/bernardo/Windows/Wiximo/Test/test-appointment/.idea/libraries/Maven__com_zaxxer_HikariCP_3_2_0.xml" timestamp="1599101696210" />
    <file path="/media/bernardo/Windows/Wiximo/Test/test-appointment/.idea/libraries/Maven__org_jboss_logging_jboss_logging_3_3_2_Final.xml" timestamp="1599101696738" />
    <file path="/media/bernardo/Windows/Wiximo/Test/test-appointment/.idea/libraries/Maven__com_fasterxml_jackson_core_jackson_annotations_2_9_0.xml" timestamp="1599101696014" />
    <file path="/media/bernardo/Windows/Wiximo/Test/test-appointment/.idea/libraries/Maven__org_springframework_boot_spring_boot_starter_aop_2_1_5_RELEASE.xml" timestamp="1599101697066" />
    <file path="/media/bernardo/Windows/Wiximo/Test/test-appointment/.idea/encodings.xml" timestamp="1599101695926" />
    <file path="/media/bernardo/Windows/Wiximo/Test/test-appointment/.idea/libraries/Maven__commons_beanutils_commons_beanutils_1_9_3.xml" timestamp="1599101696218" />
    <file path="/media/bernardo/Windows/Wiximo/Test/test-appointment/.idea/libraries/Maven__org_apache_commons_commons_lang3_3_5.xml" timestamp="1599101696482" />
    <file path="/media/bernardo/Windows/Wiximo/Test/test-appointment/.idea/libraries/Maven__org_springframework_boot_spring_boot_starter_web_2_1_5_RELEASE.xml" timestamp="1599101697166" />
    <file path="/media/bernardo/Windows/Wiximo/Test/test-appointment/.idea/libraries/Maven__io_springfox_springfox_spring_web_2_9_2.xml" timestamp="1599101696302" />
    <file path="/media/bernardo/Windows/Wiximo/Test/test-appointment/.idea/libraries/Maven__org_apache_commons_commons_text_1_1.xml" timestamp="1599101696490" />
    <file path="/media/bernardo/Windows/Wiximo/Test/test-appointment/.idea/libraries/Maven__com_jayway_jsonpath_json_path_2_4_0.xml" timestamp="1599101696178" />
    <file path="/media/bernardo/Windows/Wiximo/Test/test-appointment/.idea/libraries/Maven__com_mysema_codegen_codegen_0_6_8.xml" timestamp="1611017554932" />
    <file path="/media/bernardo/Windows/Wiximo/Test/test-appointment/.idea/libraries/Maven__com_fasterxml_jackson_module_jackson_module_parameter_names_2_9_8.xml" timestamp="1599101696054" />
    <file path="/media/bernardo/Windows/Wiximo/Test/test-appointment/.idea/libraries/Maven__org_jasypt_jasypt_1_9_3.xml" timestamp="1616121851728" />
    <file path="/media/bernardo/Windows/Wiximo/Test/test-appointment/.idea/libraries/Maven__org_springframework_spring_expression_5_1_7_RELEASE.xml" timestamp="1599101697354" />
    <file path="/media/bernardo/Windows/Wiximo/Test/test-appointment/.idea/libraries/Maven__io_grpc_grpc_context_1_27_2.xml" timestamp="1616121851708" />
    <file path="/media/bernardo/Windows/Wiximo/Test/test-appointment/.idea/libraries/Maven__org_javassist_javassist_3_19_0_GA.xml" timestamp="1599101696718" />
    <file path="/media/bernardo/Windows/Wiximo/Test/test-appointment/.idea/libraries/Maven__org_springframework_spring_test_5_1_7_RELEASE.xml" timestamp="1599101697418" />
    <file path="/media/bernardo/Windows/Wiximo/Test/test-appointment/.idea/libraries/Maven__io_springfox_springfox_core_2_9_2.xml" timestamp="1599101696274" />
    <file path="/media/bernardo/Windows/Wiximo/Test/test-appointment/.idea/libraries/Maven__org_springframework_plugin_spring_plugin_metadata_1_2_0_RELEASE.xml" timestamp="1599101697246" />
    <file path="/media/bernardo/Windows/Wiximo/Test/test-appointment/.idea/libraries/Maven__org_springframework_spring_context_support_5_1_7_RELEASE.xml" timestamp="1611017554992" />
    <file path="/media/bernardo/Windows/Wiximo/Test/test-appointment/.idea/libraries/Maven__net_minidev_json_smart_2_3.xml" timestamp="1599101696470" />
    <file path="/media/bernardo/Windows/Wiximo/Test/test-appointment/.idea/libraries/Maven__org_apache_httpcomponents_httpclient_4_5_8.xml" timestamp="1599101696498" />
    <file path="/media/bernardo/Windows/Wiximo/Test/test-appointment/.idea/libraries/Maven__io_swagger_swagger_annotations_1_5_20.xml" timestamp="1599101696338" />
    <file path="/media/bernardo/Windows/Wiximo/Test/test-appointment/.idea/libraries/Maven__org_springframework_spring_core_5_1_7_RELEASE.xml" timestamp="1599101697342" />
    <file path="/media/bernardo/Windows/Wiximo/Test/test-appointment/.idea/libraries/Maven__commons_logging_commons_logging_1_2.xml" timestamp="1599101696254" />
    <file path="/media/bernardo/Windows/Wiximo/Test/test-appointment/.idea/libraries/Maven__org_springframework_spring_context_5_1_7_RELEASE.xml" timestamp="1599101697326" />
    <file path="/media/bernardo/Windows/Wiximo/Test/test-appointment/.idea/dataSources.xml" timestamp="1611021035588" />
    <file path="/media/bernardo/Windows/Wiximo/Test/test-appointment/.idea/libraries/Maven__org_mortbay_jetty_jetty_util_6_1_26.xml" timestamp="1599101696794" />
    <file path="/media/bernardo/Windows/Wiximo/Test/test-appointment/.idea/libraries/Maven__org_apache_lucene_lucene_highlighter_6_6_0.xml" timestamp="1599101696550" />
    <file path="/media/bernardo/Windows/Wiximo/Test/test-appointment/.idea/libraries/Maven__net_minidev_accessors_smart_1_2.xml" timestamp="1599101696462" />
    <file path="/media/bernardo/Windows/Wiximo/Test/test-appointment/.idea/dataSources.local.xml" timestamp="1611021379213" />
    <file path="/media/bernardo/Windows/Wiximo/Test/test-appointment/.idea/uiDesigner.xml" timestamp="1613532732484" />
    <file path="/media/bernardo/Windows/Wiximo/Test/test-appointment/.idea/libraries/Maven__com_querydsl_querydsl_codegen_4_2_2.xml" timestamp="1611868978911" />
    <file path="/media/bernardo/Windows/Wiximo/Test/test-appointment/.idea/libraries/Maven__io_opencensus_opencensus_contrib_http_util_0_28_0.xml" timestamp="1616121851720" />
    <file path="/media/bernardo/Windows/Wiximo/Test/test-appointment/.idea/libraries/Maven__org_hdrhistogram_HdrHistogram_2_1_9.xml" timestamp="1599101696686" />
    <file path="/media/bernardo/Windows/Wiximo/Test/test-appointment/.idea/modules.xml" timestamp="1616475300419" />
    <file path="/media/bernardo/Windows/Wiximo/Test/test-appointment/.idea/libraries/Maven__org_springframework_boot_spring_boot_configuration_processor_2_1_5_RELEASE.xml" timestamp="1599101697002" />
    <file path="/media/bernardo/Windows/Wiximo/Test/test-appointment/.idea/libraries/Maven__io_opencensus_opencensus_api_0_28_0.xml" timestamp="1616121851716" />
    <file path="/media/bernardo/Windows/Wiximo/Test/test-appointment/.idea/libraries/Maven__io_springfox_springfox_swagger_ui_2_9_2.xml" timestamp="1599101696330" />
    <file path="/media/bernardo/Windows/Wiximo/Test/test-appointment/.idea/libraries/Maven__javax_inject_javax_inject_1.xml" timestamp="1611017554968" />
    <file path="/media/bernardo/Windows/Wiximo/Test/test-appointment/.idea/libraries/Maven__org_springframework_boot_spring_boot_starter_logging_2_1_5_RELEASE.xml" timestamp="1599101697122" />
    <file path="/media/bernardo/Windows/Wiximo/Test/test-appointment/.idea/libraries/Maven__org_apache_tomcat_embed_tomcat_embed_el_9_0_19.xml" timestamp="1599101696614" />
    <file path="/media/bernardo/Windows/Wiximo/Test/test-appointment/.idea/libraries/Maven__org_springframework_data_spring_data_rest_webmvc_3_1_8_RELEASE.xml" timestamp="1599101697218" />
    <file path="/media/bernardo/Windows/Wiximo/Test/test-appointment/.idea/libraries/Maven__org_jasypt_jasypt_hibernate5_1_9_3.xml" timestamp="1616121851732" />
    <file path="/media/bernardo/Windows/Wiximo/Test/test-appointment/.idea/libraries/Maven__org_apache_lucene_lucene_analyzers_common_6_6_0.xml" timestamp="1599101696530" />
    <file path="/media/bernardo/Windows/Wiximo/Test/test-appointment/.idea/libraries/Maven__com_opencsv_opencsv_4_1.xml" timestamp="1599101696186" />
    <file path="/media/bernardo/Windows/Wiximo/Test/test-appointment/.idea/libraries/Maven__org_springframework_boot_spring_boot_starter_amqp_2_1_5_RELEASE.xml" timestamp="1599101697054" />
    <file path="/media/bernardo/Windows/Wiximo/Test/test-appointment/.idea/libraries/Maven__com_mchange_mchange_commons_java_0_2_15.xml" timestamp="1611017554928" />
    <file path="/media/bernardo/Windows/Wiximo/Test/test-appointment/.idea/libraries/Maven__org_assertj_assertj_core_3_11_1.xml" timestamp="1599101696646" />
    <file path="/media/bernardo/Windows/Wiximo/Test/test-appointment/.idea/libraries/Maven__org_objenesis_objenesis_2_6.xml" timestamp="1599101696822" />
    <file path="/media/bernardo/Windows/Wiximo/Test/test-appointment/.idea/libraries/Maven__org_eclipse_jdt_core_compiler_ecj_4_3_1.xml" timestamp="1611017554976" />
    <file path="/media/bernardo/Windows/Wiximo/Test/test-appointment/.idea/libraries/Maven__net_bytebuddy_byte_buddy_agent_1_9_12.xml" timestamp="1599101696446" />
    <file path="/media/bernardo/Windows/Wiximo/Test/test-appointment/.idea/libraries/Maven__org_apache_lucene_lucene_queryparser_6_6_0.xml" timestamp="1599101696586" />
    <file path="/media/bernardo/Windows/Wiximo/Test/test-appointment/.idea/libraries/Maven__ch_qos_logback_logback_classic_1_2_3.xml" timestamp="1599101695982" />
    <file path="/media/bernardo/Windows/Wiximo/Test/test-appointment/.idea/libraries/Maven__io_springfox_springfox_spi_2_9_2.xml" timestamp="1599101696294" />
    <file path="/media/bernardo/Windows/Wiximo/Test/test-appointment/.idea/libraries/Maven__net_logstash_logback_logstash_logback_encoder_5_3.xml" timestamp="1599101696454" />
    <file path="/media/bernardo/Windows/Wiximo/Test/test-appointment/.idea/libraries/Maven__io_swagger_swagger_models_1_5_20.xml" timestamp="1599101696346" />
    <file path="/media/bernardo/Windows/Wiximo/Test/test-appointment/.idea/libraries/Maven__androidx_annotation_annotation_1_1_0.xml" timestamp="1614185584720" />
    <file path="/media/bernardo/Windows/Wiximo/Test/test-appointment/.idea/libraries/Maven__com_sun_mail_javax_mail_1_6_2.xml" timestamp="1612972832234" />
    <file path="/media/bernardo/Windows/Wiximo/Test/test-appointment/.idea/libraries/Maven__org_apache_lucene_lucene_queries_6_6_0.xml" timestamp="1599101696574" />
    <file path="/media/bernardo/Windows/Wiximo/Test/test-appointment/.idea/libraries/Maven__com_google_oauth_client_google_oauth_client_java6_1_23_0.xml" timestamp="1599101696146" />
    <file path="/media/bernardo/Windows/Wiximo/Test/test-appointment/.idea/libraries/Maven__org_reflections_reflections_0_9_10.xml" timestamp="1599101696886" />
    <file path="/media/bernardo/Windows/Wiximo/Test/test-appointment/.idea/libraries/Maven__com_google_http_client_google_http_client_1_39_0.xml" timestamp="1616121851696" />
    <file path="/media/bernardo/Windows/Wiximo/Test/test-appointment/.idea/libraries/Maven__com_google_http_client_google_http_client_jackson2_1_34_1.xml" timestamp="1614185584752" />
    <file path="/media/bernardo/Windows/Wiximo/Test/test-appointment/.idea/libraries/Maven__com_fasterxml_classmate_1_4_0.xml" timestamp="1599101696002" />
    <file path="/media/bernardo/Windows/Wiximo/Test/test-appointment/.idea/libraries/Maven__com_h2database_h2_1_4_199.xml" timestamp="1599101696166" />
    <file path="/media/bernardo/Windows/Wiximo/Test/test-appointment/.idea/libraries/Maven__org_apache_commons_commons_collections4_4_1.xml" timestamp="1612972832250" />
    <file path="/media/bernardo/Windows/Wiximo/Test/test-appointment/.idea/libraries/Maven__commons_collections_commons_collections_3_2_2.xml" timestamp="1599101696234" />
    <file path="/media/bernardo/Windows/Wiximo/Test/test-appointment/.idea/libraries/Maven__org_ow2_asm_asm_5_0_4.xml" timestamp="1599101696834" />
    <file path="/media/bernardo/Windows/Wiximo/Test/test-appointment/.idea/libraries/Maven__org_springframework_plugin_spring_plugin_core_1_2_0_RELEASE.xml" timestamp="1599101697238" />
    <file path="/media/bernardo/Windows/Wiximo/Test/test-appointment/.idea/libraries/Maven__org_mortbay_jetty_jetty_6_1_26.xml" timestamp="1599101696786" />
    <file path="/media/bernardo/Windows/Wiximo/Test/test-appointment/.idea/libraries/Maven__org_springframework_restdocs_spring_restdocs_mockmvc_2_0_3_RELEASE.xml" timestamp="1599101697270" />
    <file path="/media/bernardo/Windows/Wiximo/Test/test-appointment/.idea/libraries/Maven__org_springframework_spring_aspects_5_1_7_RELEASE.xml" timestamp="1599101697302" />
    <file path="/media/bernardo/Windows/Wiximo/Test/test-appointment/.idea/libraries/Maven__org_mnode_ical4j_ical4j_3_0_21.xml" timestamp="1612972832262" />
    <file path="/media/bernardo/Windows/Wiximo/Test/test-appointment/.idea/libraries/Maven__org_springframework_hateoas_spring_hateoas_0_25_1_RELEASE.xml" timestamp="1599101697226" />
    <file path="/media/bernardo/Windows/Wiximo/Test/test-appointment/.idea/libraries/Maven__org_json_json_20190722.xml" timestamp="1599101696746" />
    <file path="/media/bernardo/Windows/Wiximo/Test/test-appointment/.idea/libraries/Maven__org_springframework_spring_orm_5_1_7_RELEASE.xml" timestamp="1599101697406" />
    <file path="/media/bernardo/Windows/Wiximo/Test/test-appointment/.idea/libraries/Maven__com_rabbitmq_amqp_client_5_4_3.xml" timestamp="1599101696198" />
    <file path="/media/bernardo/Windows/Wiximo/Test/test-appointment/.idea/libraries/Maven__com_fasterxml_jackson_core_jackson_core_2_9_8.xml" timestamp="1599101696022" />
    <file path="/media/bernardo/Windows/Wiximo/Test/test-appointment/.idea/libraries/Maven__org_apache_lucene_lucene_sandbox_6_6_0.xml" timestamp="1599101696594" />
    <file path="/media/bernardo/Windows/Wiximo/Test/test-appointment/.idea/libraries/Maven__com_google_auth_google_auth_library_credentials_0_24_1.xml" timestamp="1616121851672" />
    <file path="/media/bernardo/Windows/Wiximo/Test/test-appointment/.idea/libraries/Maven__org_springframework_restdocs_spring_restdocs_core_2_0_3_RELEASE.xml" timestamp="1599101697258" />
    <file path="/media/bernardo/Windows/Wiximo/Test/test-appointment/.idea/libraries/Maven__com_google_guava_guava_20_0.xml" timestamp="1599101696098" />
    <file path="/media/bernardo/Windows/Wiximo/Test/test-appointment/.idea/libraries/Maven__org_springframework_retry_spring_retry_1_2_4_RELEASE.xml" timestamp="1599101697282" />
    <file path="/media/bernardo/Windows/Wiximo/Test/test-appointment/.idea/libraries/Maven__org_mockito_mockito_core_2_23_4.xml" timestamp="1599101696778" />
    <file path="/media/bernardo/Windows/Wiximo/Test/test-appointment/.idea/libraries/Maven__org_springframework_boot_spring_boot_autoconfigure_2_1_5_RELEASE.xml" timestamp="1599101696994" />
    <file path="/media/bernardo/Windows/Wiximo/Test/test-appointment/.idea/libraries/Maven__org_hamcrest_hamcrest_library_1_3.xml" timestamp="1599101696678" />
    <file path="/media/bernardo/Windows/Wiximo/Test/test-appointment/.idea/libraries/Maven__org_hibernate_common_hibernate_commons_annotations_5_0_4_Final.xml" timestamp="1599101696694" />
    <file path="/media/bernardo/Windows/Wiximo/Test/test-appointment/.idea/libraries/Maven__org_latencyutils_LatencyUtils_2_0_3.xml" timestamp="1599101696754" />
    <file path="/media/bernardo/Windows/Wiximo/Test/test-appointment/.idea/libraries/Maven__com_querydsl_querydsl_apt_4_2_2.xml" timestamp="1611868978907" />
    <file path="/media/bernardo/Windows/Wiximo/Test/test-appointment/.idea/libraries/Maven__com_google_apis_google_api_services_calendar_v3_rev305_1_23_0.xml" timestamp="1599101696074" />
    <file path="/media/bernardo/Windows/Wiximo/Test/test-appointment/.idea/libraries/Maven__org_dom4j_dom4j_2_1_1.xml" timestamp="1599101696662" />
    <file path="/media/bernardo/Windows/Wiximo/Test/test-appointment/.idea/libraries/Maven__com_google_code_findbugs_jsr305_3_0_2.xml" timestamp="1614185584736" />
    <file path="/media/bernardo/Windows/Wiximo/Test/test-appointment/.idea/libraries/Maven__io_micrometer_micrometer_core_1_1_4.xml" timestamp="1599101696266" />
    <file path="/media/bernardo/Windows/Wiximo/Test/test-appointment/.idea/libraries/Maven__org_springframework_boot_spring_boot_starter_jdbc_2_1_5_RELEASE.xml" timestamp="1599101697098" />
    <file path="/media/bernardo/Windows/Wiximo/Test/test-appointment/.idea/libraries/Maven__org_apache_tomcat_embed_tomcat_embed_websocket_9_0_19.xml" timestamp="1599101696626" />
    <file path="/media/bernardo/Windows/Wiximo/Test/test-appointment/.idea/libraries/Maven__org_springframework_boot_spring_boot_actuator_autoconfigure_2_1_5_RELEASE.xml" timestamp="1599101696978" />
    <file path="/media/bernardo/Windows/Wiximo/Test/test-appointment/.idea/libraries/Maven__org_mapstruct_mapstruct_1_2_0_Final.xml" timestamp="1599101696762" />
    <file path="/media/bernardo/Windows/Wiximo/Test/test-appointment/.idea/libraries/Maven__javax_transaction_javax_transaction_api_1_3.xml" timestamp="1599101696402" />
    <file path="/media/bernardo/Windows/Wiximo/Test/test-appointment/.idea/libraries/Maven__net_bytebuddy_byte_buddy_1_9_12.xml" timestamp="1599101696438" />
    <file path="/media/bernardo/Windows/Wiximo/Test/test-appointment/.idea/libraries/Maven__org_quartz_scheduler_quartz_2_3_1.xml" timestamp="1611017554980" />
    <file path="/media/bernardo/Windows/Wiximo/Test/test-appointment/.idea/libraries/Maven__com_mysema_commons_mysema_commons_lang_0_2_4.xml" timestamp="1611017554940" />
    <file path="/media/bernardo/Windows/Wiximo/Test/test-appointment/.idea/libraries/Maven__org_springframework_boot_spring_boot_starter_quartz_2_1_5_RELEASE.xml" timestamp="1611017554988" />
    <file path="/media/bernardo/Windows/Wiximo/Test/test-appointment/.idea/libraries/Maven__org_apache_lucene_lucene_join_6_6_0.xml" timestamp="1599101696558" />
    <file path="/media/bernardo/Windows/Wiximo/Test/test-appointment/.idea/libraries/Maven__org_projectlombok_lombok_1_18_8.xml" timestamp="1599101696874" />
    <file path="/media/bernardo/Windows/Wiximo/Test/test-appointment/.idea/libraries/Maven__org_hibernate_validator_hibernate_validator_6_0_16_Final.xml" timestamp="1599101696710" />
    <file path="/media/bernardo/Windows/Wiximo/Test/test-appointment/.idea/libraries/Maven__org_springframework_spring_messaging_5_1_7_RELEASE.xml" timestamp="1599101697390" />
    <file path="/media/bernardo/Windows/Wiximo/Test/test-appointment/.idea/libraries/Maven__org_apache_lucene_lucene_memory_6_6_0.xml" timestamp="1599101696566" />
    <file path="/media/bernardo/Windows/Wiximo/Test/test-appointment/.idea/libraries/Maven__org_apache_lucene_lucene_core_6_6_0.xml" timestamp="1599101696542" />
    <file path="/media/bernardo/Windows/Wiximo/Test/test-appointment/.idea/libraries/Maven__com_google_j2objc_j2objc_annotations_1_3.xml" timestamp="1614185584760" />
    <file path="/media/bernardo/Windows/Wiximo/Test/test-appointment/.idea/libraries/Maven__javax_annotation_javax_annotation_api_1_3_2.xml" timestamp="1599101696374" />
    <file path="/media/bernardo/Windows/Wiximo/Test/test-appointment/.idea/libraries/Maven__org_springframework_boot_spring_boot_test_2_1_5_RELEASE.xml" timestamp="1599101697174" />
    <file path="/media/bernardo/Windows/Wiximo/Test/test-appointment/.idea/libraries/Maven__org_springframework_boot_spring_boot_actuator_2_1_5_RELEASE.xml" timestamp="1599101696966" />
    <file path="/media/bernardo/Windows/Wiximo/Test/test-appointment/.idea/libraries/Maven__org_springframework_spring_jcl_5_1_7_RELEASE.xml" timestamp="1599101697366" />
    <file path="/media/bernardo/Windows/Wiximo/Test/test-appointment/.idea/libraries/Maven__org_apache_logging_log4j_log4j_to_slf4j_2_11_2.xml" timestamp="1599101696522" />
    <file path="/media/bernardo/Windows/Wiximo/Test/test-appointment/.idea/libraries/Maven__org_springframework_boot_spring_boot_starter_data_jpa_2_1_5_RELEASE.xml" timestamp="1599101697078" />
    <file path="/media/bernardo/Windows/Wiximo/Test/test-appointment/.idea/libraries/Maven__org_slf4j_jul_to_slf4j_1_7_26.xml" timestamp="1599101696910" />
    <file path="/media/bernardo/Windows/Wiximo/Test/test-appointment/.idea/libraries/Maven__com_google_auth_google_auth_library_oauth2_http_0_24_1.xml" timestamp="1616121851680" />
    <file path="/media/bernardo/Windows/Wiximo/Test/test-appointment/.idea/libraries/Maven__io_springfox_springfox_swagger_common_2_9_2.xml" timestamp="1599101696322" />
    <file path="/media/bernardo/Windows/Wiximo/Test/test-appointment/.idea/libraries/Maven__org_springframework_boot_spring_boot_starter_test_2_1_5_RELEASE.xml" timestamp="1599101697134" />
    <file path="/media/bernardo/Windows/Wiximo/Test/test-appointment/.idea/libraries/Maven__com_google_oauth_client_google_oauth_client_jetty_1_23_0.xml" timestamp="1599101696158" />
    <file path="/media/bernardo/Windows/Wiximo/Test/test-appointment/test-appointment.iml" timestamp="1616520591925" />
    <file path="/media/bernardo/Windows/Wiximo/Test/test-appointment/.idea/libraries/Maven__io_springfox_springfox_swagger2_2_9_2.xml" timestamp="1599101696310" />
    <file path="/media/bernardo/Windows/Wiximo/Test/test-appointment/.idea/libraries/Maven__com_google_api_client_google_api_client_1_30_8.xml" timestamp="1614185584728" />
    <file path="/media/bernardo/Windows/Wiximo/Test/test-appointment/.idea/libraries/Maven__ch_qos_logback_logback_core_1_2_3.xml" timestamp="1599101695994" />
    <file path="/media/bernardo/Windows/Wiximo/Test/test-appointment/.idea/libraries/Maven__org_springframework_amqp_spring_amqp_2_1_6_RELEASE.xml" timestamp="1599101696930" />
    <file path="/media/bernardo/Windows/Wiximo/Test/test-appointment/.idea/libraries/Maven__org_postgresql_postgresql_42_2_5.xml" timestamp="1599101696866" />
    <file path="/media/bernardo/Windows/Wiximo/Test/test-appointment/.idea/libraries/Maven__antlr_antlr_2_7_7.xml" timestamp="1599101695974" />
    <file path="/media/bernardo/Windows/Wiximo/Test/test-appointment/.idea/libraries/Maven__com_querydsl_querydsl_jpa_4_2_2.xml" timestamp="1611868978911" />
    <file path="/media/bernardo/Windows/Wiximo/Test/test-appointment/.idea/libraries/Maven__org_springframework_boot_spring_boot_devtools_2_1_5_RELEASE.xml" timestamp="1599101697018" />
    <file path="/media/bernardo/Windows/Wiximo/Test/test-appointment/.idea/libraries/Maven__org_springframework_data_spring_data_commons_2_1_8_RELEASE.xml" timestamp="1599101697190" />
    <file path="/media/bernardo/Windows/Wiximo/Test/test-appointment/.idea/libraries/Maven__commons_codec_commons_codec_1_11.xml" timestamp="1599101696226" />
    <file path="/media/bernardo/Windows/Wiximo/Test/test-appointment/.idea/libraries/Maven__javax_persistence_javax_persistence_api_2_2.xml" timestamp="1599101696382" />
    <file path="/media/bernardo/Windows/Wiximo/Test/test-appointment/.idea/libraries/Maven__org_hamcrest_hamcrest_core_1_3.xml" timestamp="1599101696670" />
    <file path="/media/bernardo/Windows/Wiximo/Test/test-appointment/.idea/libraries/Maven__org_springframework_boot_spring_boot_starter_data_rest_2_1_5_RELEASE.xml" timestamp="1599101697086" />
    <file path="/media/bernardo/Windows/Wiximo/Test/test-appointment/.idea/libraries/Maven__org_slf4j_slf4j_api_1_7_26.xml" timestamp="1599101696922" />
    <file path="/media/bernardo/Windows/Wiximo/Test/test-appointment/.idea/libraries/Maven__org_springframework_boot_spring_boot_starter_actuator_2_1_5_RELEASE.xml" timestamp="1599101697046" />
    <file path="/media/bernardo/Windows/Wiximo/Test/test-appointment/.idea/libraries/Maven__org_springframework_data_spring_data_jpa_2_1_8_RELEASE.xml" timestamp="1599101697198" />
    <file path="/media/bernardo/Windows/Wiximo/Test/test-appointment/.idea/libraries/Maven__junit_junit_4_12.xml" timestamp="1599101696430" />
    <file path="/media/bernardo/Windows/Wiximo/Test/test-appointment/.idea/libraries/Maven__org_apache_httpcomponents_httpcore_4_4_11.xml" timestamp="1599101696506" />
    <file path="/media/bernardo/Windows/Wiximo/Test/test-appointment/.idea/libraries/Maven__io_witio_master_tools_1_0.xml" timestamp="1599101696354" />
    <file path="/media/bernardo/Windows/Wiximo/Test/test-appointment/.idea/libraries/Maven__org_springframework_spring_web_5_1_7_RELEASE.xml" timestamp="1599101697442" />
    <file path="/media/bernardo/Windows/Wiximo/Test/test-appointment/.idea/libraries/Maven__org_xmlunit_xmlunit_core_2_6_2.xml" timestamp="1599101697462" />
    <file path="/media/bernardo/Windows/Wiximo/Test/test-appointment/.idea/jarRepositories.xml" timestamp="1599101695946" />
    <file path="/media/bernardo/Windows/Wiximo/Test/test-appointment/.idea/libraries/Maven__com_google_http_client_google_http_client_gson_1_39_0.xml" timestamp="1616121851704" />
    <file path="/media/bernardo/Windows/Wiximo/Test/test-appointment/.idea/libraries/Maven__org_springframework_boot_spring_boot_2_1_5_RELEASE.xml" timestamp="1599101696954" />
    <file path="/media/bernardo/Windows/Wiximo/Test/test-appointment/.idea/libraries/Maven__org_springframework_boot_spring_boot_starter_2_1_5_RELEASE.xml" timestamp="1599101697030" />
    <file path="/media/bernardo/Windows/Wiximo/Test/test-appointment/.idea/libraries/Maven__commons_io_commons_io_2_6.xml" timestamp="1599101696242" />
    <file path="/media/bernardo/Windows/Wiximo/Test/test-appointment/.idea/libraries/Maven__com_google_code_findbugs_annotations_2_0_1.xml" timestamp="1599101696082" />
    <file path="/media/bernardo/Windows/Wiximo/Test/test-appointment/.idea/libraries/Maven__com_google_oauth_client_google_oauth_client_1_30_5.xml" timestamp="1614185584764" />
    <file path="/media/bernardo/Windows/Wiximo/Test/test-appointment/.idea/libraries/Maven__org_aspectj_aspectjweaver_1_9_4.xml" timestamp="1599101696634" />
    <file path="/media/bernardo/Windows/Wiximo/Test/test-appointment/.idea/libraries/Maven__org_springframework_data_spring_data_rest_core_3_1_8_RELEASE.xml" timestamp="1599101697206" />
    <file path="/media/bernardo/Windows/Wiximo/Test/test-appointment/.idea/compiler.xml" timestamp="1616520592014" />
    <file path="/media/bernardo/Windows/Wiximo/Test/test-appointment/.idea/libraries/Maven__io_springfox_springfox_schema_2_9_2.xml" timestamp="1599101696286" />
    <file path="/media/bernardo/Windows/Wiximo/Test/test-appointment/.idea/libraries/Maven__org_springframework_spring_tx_5_1_7_RELEASE.xml" timestamp="1599101697430" />
    <file path="/media/bernardo/Windows/Wiximo/Test/test-appointment/.idea/libraries/Maven__org_springframework_spring_webmvc_5_1_7_RELEASE.xml" timestamp="1599101697450" />
    <file path="/media/bernardo/Windows/Wiximo/Test/test-appointment/.idea/libraries/Maven__javax_activation_activation_1_1.xml" timestamp="1612972832242" />
    <file path="/media/bernardo/Windows/Wiximo/Test/test-appointment/.idea/libraries/Maven__org_apache_tomcat_embed_tomcat_embed_core_9_0_19.xml" timestamp="1599101696606" />
    <file path="/media/bernardo/Windows/Wiximo/Test/test-appointment/.idea/libraries/Maven__org_springframework_boot_spring_boot_test_autoconfigure_2_1_5_RELEASE.xml" timestamp="1599101697182" />
    <file path="/media/bernardo/Windows/Wiximo/Test/test-appointment/.idea/libraries/Maven__org_springframework_boot_spring_boot_starter_json_2_1_5_RELEASE.xml" timestamp="1599101697110" />
    <file path="/media/bernardo/Windows/Wiximo/Test/test-appointment/.idea/libraries/Maven__com_google_code_gson_gson_2_8_5.xml" timestamp="1616121851692" />
    <file path="/media/bernardo/Windows/Wiximo/Test/test-appointment/.idea/libraries/Maven__com_fasterxml_jackson_datatype_jackson_datatype_jdk8_2_9_8.xml" timestamp="1599101696038" />
    <file path="/media/bernardo/Windows/Wiximo/Test/test-appointment/.idea/libraries/Maven__org_springframework_spring_beans_5_1_7_RELEASE.xml" timestamp="1599101697314" />
    <file path="/media/bernardo/Windows/Wiximo/Test/test-appointment/.idea/libraries/Maven__org_springframework_boot_spring_boot_starter_tomcat_2_1_5_RELEASE.xml" timestamp="1599101697142" />
    <file path="/media/bernardo/Windows/Wiximo/Test/test-appointment/.idea/libraries/Maven__org_hibernate_hibernate_core_5_3_10_Final.xml" timestamp="1599101696702" />
    <file path="/media/bernardo/Windows/Wiximo/Test/test-appointment/.idea/libraries/Maven__org_atteo_evo_inflector_1_2_2.xml" timestamp="1599101696654" />
    <file path="/media/bernardo/Windows/Wiximo/Test/test-appointment/.idea/libraries/Maven__javax_xml_bind_jaxb_api_2_3_1.xml" timestamp="1599101696418" />
  </project-files>
</conversion>